<?xml version="1.0" encoding="UTF-8"?>
<!-- Generated by org.testng.reporters.JUnitReportReporter -->
<testsuite hostname="Pappu" failures="0" tests="1" name="com.TestRunner.TestRunner_testNGIntegreation" time="6.783" errors="0" timestamp="2025-02-27T11:58:14 IST" skipped="0">
  <testcase classname="com.TestRunner.TestRunner_testNGIntegreation" name="runScenario" time="6.783"/>
  <system-out/>
</testsuite> <!-- com.TestRunner.TestRunner_testNGIntegreation -->
