<?xml version="1.0" encoding="UTF-8"?>
<!-- Generated by org.testng.reporters.JUnitReportReporter -->
<testsuite hostname="Pappu" failures="0" tests="1" name="com.TestRunner.TestRunner_testNGIntegreation" time="15.291" errors="0" timestamp="2025-03-02T14:28:21 IST" skipped="0">
  <testcase classname="com.TestRunner.TestRunner_testNGIntegreation" name="runScenario" time="15.291"/>
  <system-out/>
</testsuite> <!-- com.TestRunner.TestRunner_testNGIntegreation -->
