<?xml version="1.0" encoding="UTF-8"?>
<!-- Generated by org.testng.reporters.JUnitReportReporter -->
<testsuite hostname="Pappu" failures="0" tests="1" name="com.TestRunner.TestRunner_testNGIntegreation" time="15.049" errors="0" timestamp="2025-02-20T12:21:55 IST" skipped="0">
  <testcase classname="com.TestRunner.TestRunner_testNGIntegreation" name="runScenario" time="15.049"/>
  <system-out/>
</testsuite> <!-- com.TestRunner.TestRunner_testNGIntegreation -->
